[debug] [2025-08-31T15:13:42.486Z] ----------------------------------------------------------------------
[debug] [2025-08-31T15:13:42.488Z] Command:       C:\nvm4w\nodejs\node.exe C:\nvm4w\nodejs\node_modules\firebase-tools\lib\bin\firebase.js init hosting
[debug] [2025-08-31T15:13:42.488Z] CLI Version:   14.15.1
[debug] [2025-08-31T15:13:42.489Z] Platform:      win32
[debug] [2025-08-31T15:13:42.489Z] Node Version:  v20.14.0
[debug] [2025-08-31T15:13:42.489Z] Time:          Sun Aug 31 2025 18:13:42 GMT+0300 (Eastern European Summer Time)
[debug] [2025-08-31T15:13:42.489Z] ----------------------------------------------------------------------
[debug] 
[debug] [2025-08-31T15:13:42.494Z] > command requires scopes: ["email","openid","https://www.googleapis.com/auth/cloudplatformprojects.readonly","https://www.googleapis.com/auth/firebase","https://www.googleapis.com/auth/cloud-platform"]
[debug] [2025-08-31T15:13:42.495Z] > authorizing via signed-in user (jaksamitauskas@gmail.com)
[info] 
     ######## #### ########  ######## ########     ###     ######  ########
     ##        ##  ##     ## ##       ##     ##  ##   ##  ##       ##
     ######    ##  ########  ######   ########  #########  ######  ######
     ##        ##  ##    ##  ##       ##     ## ##     ##       ## ##
     ##       #### ##     ## ######## ########  ##     ##  ######  ########

You're about to initialize a Firebase project in this directory:

  C:\Users\jaksa\Documents\IT PROJEKTU APLANKALAS\DecksandStories

[info] 
=== Project Setup
[info] 
[info] First, let's associate this project directory with a Firebase project.
[info] You can create multiple project aliases by running firebase use --add, 
[info] but for now we'll just set up a default project.
[info] 
[debug] [2025-08-31T15:13:54.268Z] Checked if tokens are valid: true, expires at: 1756656718455
[debug] [2025-08-31T15:13:54.269Z] Checked if tokens are valid: true, expires at: 1756656718455
[debug] [2025-08-31T15:13:54.270Z] >>> [apiv2][query] GET https://firebase.googleapis.com/v1beta1/availableProjects pageSize=100
[debug] [2025-08-31T15:13:54.983Z] <<< [apiv2][status] GET https://firebase.googleapis.com/v1beta1/availableProjects 200
[debug] [2025-08-31T15:13:54.983Z] <<< [apiv2][body] GET https://firebase.googleapis.com/v1beta1/availableProjects [omitted]
[debug] [2025-08-31T15:14:02.021Z] Checked if tokens are valid: true, expires at: 1756656718455
[debug] [2025-08-31T15:14:02.021Z] Checked if tokens are valid: true, expires at: 1756656718455
[debug] [2025-08-31T15:14:02.021Z] >>> [apiv2][query] POST https://firebase.googleapis.com/v1beta1/projects/secure-answer-455811-e3:addFirebase [none]
[debug] [2025-08-31T15:14:02.590Z] <<< [apiv2][status] POST https://firebase.googleapis.com/v1beta1/projects/secure-answer-455811-e3:addFirebase 403
[debug] [2025-08-31T15:14:02.590Z] <<< [apiv2][body] POST https://firebase.googleapis.com/v1beta1/projects/secure-answer-455811-e3:addFirebase {"error":{"code":403,"message":"The caller does not have permission","status":"PERMISSION_DENIED"}}
[debug] [2025-08-31T15:14:02.591Z] Request to https://firebase.googleapis.com/v1beta1/projects/secure-answer-455811-e3:addFirebase had HTTP Error: 403, The caller does not have permission
[debug] [2025-08-31T15:14:02.742Z] FirebaseError: Request to https://firebase.googleapis.com/v1beta1/projects/secure-answer-455811-e3:addFirebase had HTTP Error: 403, The caller does not have permission
    at responseToError (C:\Users\jaksa\AppData\Local\nvm\v20.14.0\node_modules\firebase-tools\lib\responseToError.js:52:12)
    at RetryOperation._fn (C:\Users\jaksa\AppData\Local\nvm\v20.14.0\node_modules\firebase-tools\lib\apiv2.js:312:77)
    at process.processTicksAndRejections (node:internal/process/task_queues:95:5)
[error] 
[error] Error: Failed to add Firebase to Google Cloud Platform project. See firebase-debug.log for more info.
[debug] [2025-08-31T15:14:12.893Z] ----------------------------------------------------------------------
[debug] [2025-08-31T15:14:12.896Z] Command:       C:\nvm4w\nodejs\node.exe C:\nvm4w\nodejs\node_modules\firebase-tools\lib\bin\firebase.js init hosting
[debug] [2025-08-31T15:14:12.896Z] CLI Version:   14.15.1
[debug] [2025-08-31T15:14:12.896Z] Platform:      win32
[debug] [2025-08-31T15:14:12.896Z] Node Version:  v20.14.0
[debug] [2025-08-31T15:14:12.896Z] Time:          Sun Aug 31 2025 18:14:12 GMT+0300 (Eastern European Summer Time)
[debug] [2025-08-31T15:14:12.896Z] ----------------------------------------------------------------------
[debug] 
[debug] [2025-08-31T15:14:12.902Z] > command requires scopes: ["email","openid","https://www.googleapis.com/auth/cloudplatformprojects.readonly","https://www.googleapis.com/auth/firebase","https://www.googleapis.com/auth/cloud-platform"]
[debug] [2025-08-31T15:14:12.902Z] > authorizing via signed-in user (jaksamitauskas@gmail.com)
[info] 
     ######## #### ########  ######## ########     ###     ######  ########
     ##        ##  ##     ## ##       ##     ##  ##   ##  ##       ##
     ######    ##  ########  ######   ########  #########  ######  ######
     ##        ##  ##    ##  ##       ##     ## ##     ##       ## ##
     ##       #### ##     ## ######## ########  ##     ##  ######  ########

You're about to initialize a Firebase project in this directory:

  C:\Users\jaksa\Documents\IT PROJEKTU APLANKALAS\DecksandStories

[info] 
=== Project Setup
[info] 
[info] First, let's associate this project directory with a Firebase project.
[info] You can create multiple project aliases by running firebase use --add, 
[info] but for now we'll just set up a default project.
[info] 
[info] i  If you want to create a project in a Google Cloud organization or folder, please use "firebase projects:create" instead, and return to this command when you've created the project. 
[debug] [2025-08-31T15:14:25.456Z] Checked if tokens are valid: true, expires at: 1756656718455
[debug] [2025-08-31T15:14:25.457Z] Checked if tokens are valid: true, expires at: 1756656718455
[debug] [2025-08-31T15:14:25.459Z] >>> [apiv2][query] POST https://firebase.googleapis.com/v1/projects:checkProjectId [none]
[debug] [2025-08-31T15:14:25.459Z] >>> [apiv2][body] POST https://firebase.googleapis.com/v1/projects:checkProjectId {"proposedId":"decksstories"}
[debug] [2025-08-31T15:14:25.890Z] <<< [apiv2][status] POST https://firebase.googleapis.com/v1/projects:checkProjectId 200
[debug] [2025-08-31T15:14:25.890Z] <<< [apiv2][body] POST https://firebase.googleapis.com/v1/projects:checkProjectId {"projectIdStatus":"PROJECT_ID_AVAILABLE","suggestedProjectId":"decksstories"}
[debug] [2025-08-31T15:14:28.085Z] Checked if tokens are valid: true, expires at: 1756656718455
[debug] [2025-08-31T15:14:28.085Z] Checked if tokens are valid: true, expires at: 1756656718455
[debug] [2025-08-31T15:14:28.086Z] >>> [apiv2][query] POST https://cloudresourcemanager.googleapis.com/v1/projects [none]
[debug] [2025-08-31T15:14:28.086Z] >>> [apiv2][body] POST https://cloudresourcemanager.googleapis.com/v1/projects {"projectId":"decksstories","name":"DecksStories"}
[debug] [2025-08-31T15:14:28.999Z] <<< [apiv2][status] POST https://cloudresourcemanager.googleapis.com/v1/projects 200
[debug] [2025-08-31T15:14:29.000Z] <<< [apiv2][body] POST https://cloudresourcemanager.googleapis.com/v1/projects {"name":"operations/create_project.global.7077817239538412800"}
[debug] [2025-08-31T15:14:29.001Z] Checked if tokens are valid: true, expires at: 1756656718455
[debug] [2025-08-31T15:14:29.001Z] Checked if tokens are valid: true, expires at: 1756656718455
[debug] [2025-08-31T15:14:29.001Z] >>> [apiv2][query] GET https://cloudresourcemanager.googleapis.com/v1/operations/create_project.global.7077817239538412800 [none]
[debug] [2025-08-31T15:14:29.808Z] <<< [apiv2][status] GET https://cloudresourcemanager.googleapis.com/v1/operations/create_project.global.7077817239538412800 200
[debug] [2025-08-31T15:14:29.809Z] <<< [apiv2][body] GET https://cloudresourcemanager.googleapis.com/v1/operations/create_project.global.7077817239538412800 {"name":"operations/create_project.global.7077817239538412800"}
[debug] [2025-08-31T15:14:30.313Z] [Project Creation Poller] Retrying task index 0
[debug] [2025-08-31T15:14:30.313Z] Checked if tokens are valid: true, expires at: 1756656718455
[debug] [2025-08-31T15:14:30.313Z] Checked if tokens are valid: true, expires at: 1756656718455
[debug] [2025-08-31T15:14:30.314Z] >>> [apiv2][query] GET https://cloudresourcemanager.googleapis.com/v1/operations/create_project.global.7077817239538412800 [none]
[debug] [2025-08-31T15:14:30.529Z] <<< [apiv2][status] GET https://cloudresourcemanager.googleapis.com/v1/operations/create_project.global.7077817239538412800 200
[debug] [2025-08-31T15:14:30.529Z] <<< [apiv2][body] GET https://cloudresourcemanager.googleapis.com/v1/operations/create_project.global.7077817239538412800 {"name":"operations/create_project.global.7077817239538412800","metadata":{"@type":"type.googleapis.com/google.cloudresourcemanager.v1.ProjectCreationStatus","gettable":true,"ready":true},"done":true,"response":{"@type":"type.googleapis.com/google.cloudresourcemanager.v1.Project","projectNumber":"496963877481","projectId":"decksstories","lifecycleState":"ACTIVE","name":"DecksStories","createTime":"2025-08-31T15:14:26.659307Z"}}
[debug] [2025-08-31T15:14:30.533Z] Checked if tokens are valid: true, expires at: 1756656718455
[debug] [2025-08-31T15:14:30.533Z] Checked if tokens are valid: true, expires at: 1756656718455
[debug] [2025-08-31T15:14:30.533Z] >>> [apiv2][query] POST https://firebase.googleapis.com/v1beta1/projects/decksstories:addFirebase [none]
[debug] [2025-08-31T15:14:31.617Z] <<< [apiv2][status] POST https://firebase.googleapis.com/v1beta1/projects/decksstories:addFirebase 403
[debug] [2025-08-31T15:14:31.617Z] <<< [apiv2][body] POST https://firebase.googleapis.com/v1beta1/projects/decksstories:addFirebase {"error":{"code":403,"message":"The caller does not have permission","status":"PERMISSION_DENIED"}}
[debug] [2025-08-31T15:14:31.618Z] Request to https://firebase.googleapis.com/v1beta1/projects/decksstories:addFirebase had HTTP Error: 403, The caller does not have permission
[debug] [2025-08-31T15:14:31.772Z] FirebaseError: Request to https://firebase.googleapis.com/v1beta1/projects/decksstories:addFirebase had HTTP Error: 403, The caller does not have permission
    at responseToError (C:\Users\jaksa\AppData\Local\nvm\v20.14.0\node_modules\firebase-tools\lib\responseToError.js:52:12)
    at RetryOperation._fn (C:\Users\jaksa\AppData\Local\nvm\v20.14.0\node_modules\firebase-tools\lib\apiv2.js:312:77)
    at process.processTicksAndRejections (node:internal/process/task_queues:95:5)
[error] 
[error] Error: Failed to add Firebase to Google Cloud Platform project. See firebase-debug.log for more info.
